<?xml version="1.0" encoding="UTF-8"?>
<!-- Generated by org.testng.reporters.JUnitReportReporter -->
<testsuite hostname="LAPTOP-6AJUMCDK" failures="0" tests="2" name="tests.LoginTest" time="79.011" errors="0" timestamp="2022-11-23T11:13:30 IST" skipped="0">
  <testcase classname="tests.LoginTest" name="login" time="33.018"/>
  <system-out/>
  <testcase classname="tests.LoginTest" name="login" time="45.993"/>
  <system-out/>
</testsuite> <!-- tests.LoginTest -->
