<?xml version="1.0" encoding="UTF-8"?>
<!-- Generated by org.testng.reporters.JUnitReportReporter -->
<testsuite hostname="LAPTOP-6AJUMCDK" failures="0" tests="1" name="tests.RegisterTest" time="41.001" errors="0" timestamp="2022-11-23T11:13:30 IST" skipped="0">
  <testcase classname="tests.RegisterTest" name="register" time="41.001"/>
  <system-out/>
</testsuite> <!-- tests.RegisterTest -->
