<?xml version="1.0" encoding="UTF-8"?>
<!-- Generated by org.testng.reporters.JUnitReportReporter -->
<testsuite hostname="LAPTOP-6AJUMCDK" failures="0" tests="1" name="tests.TwoTest" time="0.003" errors="0" timestamp="2022-11-23T11:13:30 IST" skipped="0">
  <testcase classname="tests.TwoTest" name="twoTest" time="0.003"/>
  <system-out/>
</testsuite> <!-- tests.TwoTest -->
